C51 COMPILER V9.60.0.0   LED____                                                           04/13/2020 01:28:11 PAGE 1   


C51 COMPILER V9.60.0.0, COMPILATION OF MODULE LED____
OBJECT MODULE PLACED IN .\Objects\LED…¡À∏.obj
COMPILER INVOKED BY: C:\PersonalProgramFiles\Keil5\C51\BIN\C51.EXE LED…¡À∏.c OPTIMIZE(8,SPEED) BROWSE DEBUG OBJECTEXTEND
                    - PRINT(.\Listings\LED…¡À∏.lst) TABS(2) OBJECT(.\Objects\LED…¡À∏.obj)

line level    source

   1          #include <STC15.h>
   2          #include <intrins.h>
   3          
   4          sbit LED=P1^0;
   5          
   6          void Delay500ms()   //@12.000MHz
   7          {
   8   1        unsigned char i, j, k;
   9   1      
  10   1        _nop_();
  11   1        _nop_();
  12   1        i = 23;
  13   1        j = 205;
  14   1        k = 120;
  15   1        do
  16   1        {
  17   2          do
  18   2          {
  19   3            while (--k);
  20   3          } while (--j);
  21   2        } while (--i);
  22   1      }
  23          
  24          
  25          void Delay1min()
  26          {
  27   1        unsigned int a=0;
  28   1        for(a=0;a<=120;a++)
  29   1        {
  30   2        Delay500ms();
  31   2        }
  32   1      }
  33          
  34          void Delay5min()
  35          {
  36   1        unsigned int a=0;
  37   1        for(a=0;a<=600;a++)
  38   1        {
  39   2          Delay500ms();
  40   2        }
  41   1      }
  42          
  43          void main()
  44          {
  45   1        while(1)
  46   1        {
  47   2          LED=~LED;
  48   2          Delay5min();
  49   2        }
  50   1      }


MODULE INFORMATION:   STATIC OVERLAYABLE
   CODE SIZE        =     58    ----
C51 COMPILER V9.60.0.0   LED____                                                           04/13/2020 01:28:11 PAGE 2   

   CONSTANT SIZE    =   ----    ----
   XDATA SIZE       =   ----    ----
   PDATA SIZE       =   ----    ----
   DATA SIZE        =   ----    ----
   IDATA SIZE       =   ----    ----
   BIT SIZE         =   ----    ----
END OF MODULE INFORMATION.


C51 COMPILATION COMPLETE.  0 WARNING(S),  0 ERROR(S)
