C51 COMPILER V9.60.0.0   ______________                                                    06/06/2020 01:07:08 PAGE 1   


C51 COMPILER V9.60.0.0, COMPILATION OF MODULE ______________
OBJECT MODULE PLACED IN .\Objects\红外感应洗手器.obj
COMPILER INVOKED BY: D:\Keil5\Keil5\C51\BIN\C51.EXE 红外感应洗手器.c OPTIMIZE(8,SPEED) BROWSE DEBUG OBJECTEXTEND PRINT(.
                    -\Listings\红外感应洗手器.lst) TABS(2) OBJECT(.\Objects\红外感应洗手器.obj)

line level    source

   1          /*
   2          PXM1：PXM0
   3           0     0  准双向口（传统IO）
   4           0     1  推挽输出（强上拉 ，电流可达20mA,尽量少用）
   5           1     0  仅为输入（高阻）
   6           1     1  开漏，如传统8051的P0口
   7           =00--->Standard,    01--->push-pull
   8           =10--->pure input,  11--->open drain
   9          */
  10          
  11          #include <STC15.h>
  12          #include <intrins.h>
  13          
  14          sbit Relay=P1^1;              //继电器  用于间接控制电磁阀
  15          sbit Infrared_sensor=P1^2;   //红外传感器  用于控制继电器的开启与关闭
  16          
  17          void Delay10ms()    //@12.000MHz
  18          {
  19   1        unsigned char i, j;
  20   1      
  21   1        i = 117;
  22   1        j = 184;
  23   1        do
  24   1        {
  25   2          while (--j);
  26   2        } while (--i);
  27   1      }
  28          
  29          int main(void)
  30          {
  31   1        P1M1=0x00;    // 0000 0000
  32   1        P1M0=0x02;    // 0000 0010    将P1^1继电器信号输出端口设置为高阻态
  33   1        
  34   1        Relay=1;           //继电器断开状态
  35   1        while(1)
  36   1        {
  37   2          unsigned int a=0; 
  38   2          P1:
  39   2          Relay=1;           //继电器断开状态
  40   2          if(Infrared_sensor==0)         //如果传感器检测到物体
  41   2          {
  42   3            while(1)                     //继电器持续断开，直到传感器检测不到物体，去P2
  43   3            {
  44   4              Relay=1;
  45   4              if(Infrared_sensor==1)          
  46   4              {
  47   5                goto P2;
  48   5              } 
  49   4            }
  50   3            
  51   3            P2:
  52   3            for(a=0;a<=30000;a++)          //延时5min，且在5min内继电器状态都为闭合
  53   3            {
  54   4              Relay=0;
C51 COMPILER V9.60.0.0   ______________                                                    06/06/2020 01:07:08 PAGE 2   

  55   4              Delay10ms();
  56   4              if(Infrared_sensor==0)        //5min延时内，如果检测到物体，继电器持续闭合5min
  57   4              {
  58   5                for(a=0;a<=30000;a++)
  59   5                {
  60   6                  Relay=0;
  61   6                  Delay10ms();
  62   6                  if(Infrared_sensor==1)     //当传感器检测不到物体时，去P1
  63   6                  {
  64   7                    goto P1;
  65   7                  }
  66   6                  else if(a==30000)             //当持续检测超过5min时，去P1
  67   6                  {
  68   7                    goto P1;
  69   7                  }
  70   6                }
  71   5              }
  72   4            }
  73   3          }
  74   2        }
  75   1      }


MODULE INFORMATION:   STATIC OVERLAYABLE
   CODE SIZE        =    112    ----
   CONSTANT SIZE    =   ----    ----
   XDATA SIZE       =   ----    ----
   PDATA SIZE       =   ----    ----
   DATA SIZE        =   ----       2
   IDATA SIZE       =   ----    ----
   BIT SIZE         =   ----    ----
END OF MODULE INFORMATION.


C51 COMPILATION COMPLETE.  0 WARNING(S),  0 ERROR(S)
