C51 COMPILER V9.60.0.0   ____________________                                              04/11/2020 07:47:13 PAGE 1   


C51 COMPILER V9.60.0.0, COMPILATION OF MODULE ____________________
OBJECT MODULE PLACED IN .\Objects\红外传感器控制电磁阀.obj
COMPILER INVOKED BY: C:\PersonalProgramFiles\Keil5\C51\BIN\C51.EXE 红外传感器控制电磁阀.c OPTIMIZE(8,SPEED) BROWSE DEBUG
                    - OBJECTEXTEND PRINT(.\Listings\红外传感器控制电磁阀.lst) TABS(2) OBJECT(.\Objects\红外传感器控制电磁阀.obj)

line level    source

   1          #include <STC15.h>
   2          #include <intrins.h>
   3          
   4          /*
   5          sbit Led_Red=P1^0;
   6          */
   7          
   8          sbit Relay=P1^0;
   9          sbit Infrared_sensor=P3^2;
  10          
  11          /*
  12          void Delay50ms()    //@12.000MHz
  13          {
  14            unsigned char i, j, k;
  15          
  16            _nop_();
  17            _nop_();
  18            i = 3;
  19            j = 72;
  20            k = 161;
  21            do
  22            {
  23              do
  24              {
  25                while (--k);
  26              } while (--j);
  27            } while (--i);
  28          }
  29          
  30          void Delay1000ms()    //@12.000MHz
  31          {
  32          
  33            unsigned char i, j, k;
  34          
  35            _nop_();
  36            _nop_();
  37            i = 46;
  38            j = 153;
  39            k = 245;
  40            do
  41            {
  42              do
  43              {
  44                while (--k);
  45              } while (--j);
  46            } while (--i);
  47          }
  48          
  49          void Delay5000ms()    //@12.000MHz
  50          {
  51            unsigned char i, j, k;
  52          
  53            _nop_();
  54            _nop_();
C51 COMPILER V9.60.0.0   ____________________                                              04/11/2020 07:47:13 PAGE 2   

  55            i = 228;
  56            j = 253;
  57            k = 219;
  58            do
  59            {
  60              do
  61              {
  62                while (--k);
  63              } while (--j);
  64            } while (--i);
  65          }
  66          */
  67          
  68          
  69          void Initialize()
  70          {
  71   1        Relay=1;
  72   1        Infrared_sensor=1; 
  73   1      }
  74          /*
  75          if(k%2==1)
  76              {
  77                Relay=0;
  78              }
  79              else if(k%2==0)
  80              {
  81                Relay=1;
  82                k=0;
  83              }
  84          */
  85          void main()
  86          {
  87   1        unsigned int k=0;
  88   1        Initialize();
  89   1        while(1)
  90   1        {
  91   2          if(Infrared_sensor==0)
  92   2          {
  93   3            k++;
  94   3          }
  95   2        //  while(Infrared_sensor);
  96   2          switch(k)
  97   2            {
  98   3            case 1:Relay=0;break;
  99   3            case 2:Relay=1;k=0;break;
 100   3            }
 101   2        }
 102   1      }


MODULE INFORMATION:   STATIC OVERLAYABLE
   CODE SIZE        =     41    ----
   CONSTANT SIZE    =   ----    ----
   XDATA SIZE       =   ----    ----
   PDATA SIZE       =   ----    ----
   DATA SIZE        =   ----    ----
   IDATA SIZE       =   ----    ----
   BIT SIZE         =   ----    ----
END OF MODULE INFORMATION.


C51 COMPILATION COMPLETE.  0 WARNING(S),  0 ERROR(S)
